<?xml version="1.0" encoding="UTF-8"?>
<!-- Generated by org.testng.reporters.JUnitXMLReporter -->
<testsuite ignored="0" hostname="LAPTOP-J3AR1RSI" failures="2" tests="3" name="My Single Test" time="2.649" errors="0" timestamp="2024-04-21T19:55:07 WIB">
  <testcase classname="apiauto.apiTest" name="getEmployeesPositifTest" time="2.295"/>
  <testcase classname="apiauto.apiTest" name="postNewEmployeeTest" time="0.16">
    <failure type="java.lang.AssertionError" message="1 expectation failed.
Response body doesn&amp;apos;t match expectation.
Expected: The content to match the given JSON schema.
error: instance type (integer) does not match any allowed primitive type (allowed: [&amp;quot;string&amp;quot;])
    level: &amp;quot;error&amp;quot;
    schema: {&amp;quot;loadingURI&amp;quot;:&amp;quot;#&amp;quot;,&amp;quot;pointer&amp;quot;:&amp;quot;/items/0/properties/address/properties/zipcode&amp;quot;}
    instance: {&amp;quot;pointer&amp;quot;:&amp;quot;/0/address/zipcode&amp;quot;}
    domain: &amp;quot;validation&amp;quot;
    keyword: &amp;quot;type&amp;quot;
    found: &amp;quot;integer&amp;quot;
    expected: [&amp;quot;string&amp;quot;]
error: instance type (integer) does not match any allowed primitive type (allowed: [&amp;quot;string&amp;quot;])
    level: &amp;quot;error&amp;quot;
    schema: {&amp;quot;loadingURI&amp;quot;:&amp;quot;#&amp;quot;,&amp;quot;pointer&amp;quot;:&amp;quot;/items/0/properties/email&amp;quot;}
    instance: {&amp;quot;pointer&amp;quot;:&amp;quot;/0/email&amp;quot;}
    domain: &amp;quot;validation&amp;quot;
    keyword: &amp;quot;type&amp;quot;
    found: &amp;quot;integer&amp;quot;
    expected: [&amp;quot;string&amp;quot;]

  Actual: [{&amp;quot;id&amp;quot;:1,&amp;quot;firstname&amp;quot;:&amp;quot;John&amp;quot;,&amp;quot;lastname&amp;quot;:&amp;quot;Doe&amp;quot;,&amp;quot;email&amp;quot;:123123123,&amp;quot;birthDate&amp;quot;:&amp;quot;1973-01-22&amp;quot;,&amp;quot;login&amp;quot;:{&amp;quot;uuid&amp;quot;:&amp;quot;1a0eed01-9430-4d68-901f-c0d4c1c3bf22&amp;quot;,&amp;quot;username&amp;quot;:&amp;quot;johndoe&amp;quot;,&amp;quot;password&amp;quot;:&amp;quot;jsonplaceholder.org&amp;quot;,&amp;quot;md5&amp;quot;:&amp;quot;c1328472c5794a25723600f71c1b4586&amp;quot;,&amp;quot;sha1&amp;quot;:&amp;quot;35544a31cc19bd6520af116554873167117f4d94&amp;quot;,&amp;quot;registered&amp;quot;:&amp;quot;2023-01-10T10:03:20.022Z&amp;quot;},&amp;quot;address&amp;quot;:{&amp;quot;street&amp;quot;:&amp;quot;123 Main Street&amp;quot;,&amp;quot;suite&amp;quot;:&amp;quot;Apt. 4&amp;quot;,&amp;quot;city&amp;quot;:&amp;quot;Anytown&amp;quot;,&amp;quot;zipcode&amp;quot;:123456789,&amp;quot;geo&amp;quot;:{&amp;quot;lat&amp;quot;:&amp;quot;42.1234&amp;quot;,&amp;quot;lng&amp;quot;:&amp;quot;-71.2345&amp;quot;}},&amp;quot;phone&amp;quot;:&amp;quot;(555) 555-1234&amp;quot;,&amp;quot;website&amp;quot;:&amp;quot;www.johndoe.com&amp;quot;,&amp;quot;company&amp;quot;:{&amp;quot;name&amp;quot;:&amp;quot;ABC Company&amp;quot;,&amp;quot;catchPhrase&amp;quot;:&amp;quot;Innovative solutions for all your needs&amp;quot;,&amp;quot;bs&amp;quot;:&amp;quot;Marketing&amp;quot;}}]
">
      <![CDATA[java.lang.AssertionError: 1 expectation failed.
Response body doesn't match expectation.
Expected: The content to match the given JSON schema.
error: instance type (integer) does not match any allowed primitive type (allowed: ["string"])
    level: "error"
    schema: {"loadingURI":"#","pointer":"/items/0/properties/address/properties/zipcode"}
    instance: {"pointer":"/0/address/zipcode"}
    domain: "validation"
    keyword: "type"
    found: "integer"
    expected: ["string"]
error: instance type (integer) does not match any allowed primitive type (allowed: ["string"])
    level: "error"
    schema: {"loadingURI":"#","pointer":"/items/0/properties/email"}
    instance: {"pointer":"/0/email"}
    domain: "validation"
    keyword: "type"
    found: "integer"
    expected: ["string"]

  Actual: [{"id":1,"firstname":"John","lastname":"Doe","email":123123123,"birthDate":"1973-01-22","login":{"uuid":"1a0eed01-9430-4d68-901f-c0d4c1c3bf22","username":"johndoe","password":"jsonplaceholder.org","md5":"c1328472c5794a25723600f71c1b4586","sha1":"35544a31cc19bd6520af116554873167117f4d94","registered":"2023-01-10T10:03:20.022Z"},"address":{"street":"123 Main Street","suite":"Apt. 4","city":"Anytown","zipcode":123456789,"geo":{"lat":"42.1234","lng":"-71.2345"}},"phone":"(555) 555-1234","website":"www.johndoe.com","company":{"name":"ABC Company","catchPhrase":"Innovative solutions for all your needs","bs":"Marketing"}}]

at org.codehaus.groovy.runtime.callsite.ConstructorSite$ConstructorSiteNoUnwrapNoCoerce.callConstructor(ConstructorSite.java:108)
at org.codehaus.groovy.runtime.callsite.CallSiteArray.defaultCallConstructor(CallSiteArray.java:57)
at org.codehaus.groovy.runtime.callsite.AbstractCallSite.callConstructor(AbstractCallSite.java:263)
at org.codehaus.groovy.runtime.callsite.AbstractCallSite.callConstructor(AbstractCallSite.java:277)
at io.restassured.internal.ResponseSpecificationImpl$HamcrestAssertionClosure.validate(ResponseSpecificationImpl.groovy:512)
at io.restassured.internal.ResponseSpecificationImpl$HamcrestAssertionClosure$validate$1.call(Unknown Source)
at io.restassured.internal.ResponseSpecificationImpl.validateResponseIfRequired(ResponseSpecificationImpl.groovy:696)
at io.restassured.internal.ResponseSpecificationImpl.this$2$validateResponseIfRequired(ResponseSpecificationImpl.groovy)
at org.codehaus.groovy.runtime.callsite.PlainObjectMetaMethodSite.doInvoke(PlainObjectMetaMethodSite.java:43)
at org.codehaus.groovy.runtime.callsite.PogoMetaMethodSite$PogoCachedMethodSiteNoUnwrapNoCoerce.invoke(PogoMetaMethodSite.java:198)
at org.codehaus.groovy.runtime.callsite.PogoMetaMethodSite.callCurrent(PogoMetaMethodSite.java:62)
at org.codehaus.groovy.runtime.callsite.AbstractCallSite.callCurrent(AbstractCallSite.java:185)
at io.restassured.internal.ResponseSpecificationImpl.body(ResponseSpecificationImpl.groovy:107)
at io.restassured.internal.ValidatableResponseOptionsImpl.body(ValidatableResponseOptionsImpl.java:238)
at apiauto.apiTest.postNewEmployeeTest(apiTest.java:44)
at java.base/java.util.ArrayList.forEach(ArrayList.java:1596)
at apiauto.main.runningXml(main.java:34)
at apiauto.main.main(main.java:13)
... Removed 28 stack frames]]>
    </failure>
  </testcase> <!-- postNewEmployeeTest -->
  <testcase classname="apiauto.apiTest" name="postValueMaxorMin" time="0.097">
    <failure type="java.lang.AssertionError" message="1 expectation failed.
Expected status code (&amp;lt;400&amp;gt; or &amp;lt;401&amp;gt;) but was &amp;lt;201&amp;gt;.
">
      <![CDATA[java.lang.AssertionError: 1 expectation failed.
Expected status code (<400> or <401>) but was <201>.

at org.codehaus.groovy.runtime.callsite.ConstructorSite$ConstructorSiteNoUnwrapNoCoerce.callConstructor(ConstructorSite.java:108)
at org.codehaus.groovy.runtime.callsite.AbstractCallSite.callConstructor(AbstractCallSite.java:277)
at io.restassured.internal.ResponseSpecificationImpl$HamcrestAssertionClosure.validate(ResponseSpecificationImpl.groovy:512)
at io.restassured.internal.ResponseSpecificationImpl$HamcrestAssertionClosure$validate$1.call(Unknown Source)
at io.restassured.internal.ResponseSpecificationImpl.validateResponseIfRequired(ResponseSpecificationImpl.groovy:696)
at io.restassured.internal.ResponseSpecificationImpl.this$2$validateResponseIfRequired(ResponseSpecificationImpl.groovy)
at org.codehaus.groovy.runtime.callsite.PlainObjectMetaMethodSite.doInvoke(PlainObjectMetaMethodSite.java:43)
at org.codehaus.groovy.runtime.callsite.PogoMetaMethodSite$PogoCachedMethodSiteNoUnwrapNoCoerce.invoke(PogoMetaMethodSite.java:198)
at org.codehaus.groovy.runtime.callsite.PogoMetaMethodSite.callCurrent(PogoMetaMethodSite.java:62)
at org.codehaus.groovy.runtime.callsite.AbstractCallSite.callCurrent(AbstractCallSite.java:185)
at io.restassured.internal.ResponseSpecificationImpl.statusCode(ResponseSpecificationImpl.groovy:135)
at io.restassured.internal.ValidatableResponseOptionsImpl.statusCode(ValidatableResponseOptionsImpl.java:84)
at apiauto.apiTest.postValueMaxorMin(apiTest.java:61)
at java.base/java.util.ArrayList.forEach(ArrayList.java:1596)
at apiauto.main.runningXml(main.java:34)
at apiauto.main.main(main.java:13)
... Removed 28 stack frames]]>
    </failure>
  </testcase> <!-- postValueMaxorMin -->
</testsuite> <!-- My Single Test -->
